<?xml version="1.0" encoding="UTF-8"?>
<testsuite name="TargetDirectoryProcessorTest" tests="1" skipped="0" failures="0" errors="0" timestamp="2019-11-03T11:25:32" hostname="MacBook-Pro-Anton.local" time="0.031">
  <properties/>
  <testcase name="sortBackupVersionsTest" classname="TargetDirectoryProcessorTest" time="0.031"/>
  <system-out><![CDATA[]]></system-out>
  <system-err><![CDATA[]]></system-err>
</testsuite>
